生成启动时间为 2018/12/18 18:53:24。
     1>项目“F:\OneDrive - AD\台式机-study\Github\IrrlichtZero\irrlicht-1.8.4\source\Irrlicht\Irrlicht12.0.vcxproj”在节点 2 上(Build 个目标)。
     1>C:\Program Files (x86)\MSBuild\Microsoft.Cpp\v4.0\V120\Microsoft.CppBuild.targets(364,5): warning MSB8004: Output Directory does not end with a trailing slash.  This build instance will add the slash as it is required to allow proper evaluation of the Output Directory.
     1>ClCompile:
         C:\Program Files (x86)\Microsoft Visual Studio 12.0\VC\bin\CL.exe /c /I..\..\include /Izlib /Zi /nologo /W3 /WX- /Od /Oy- /D WIN32 /D _DEBUG /D _WINDOWS /D _USRDLL /D IRRLICHT_EXPORTS /D _CRT_SECURE_NO_DEPRECATE /D _VC80_UPGRADE=0x0710 /D _WINDLL /D _ITERATOR_DEBUG_LEVEL=0 /Gm- /RTC1 /MTd /GS /fp:precise /Zc:wchar_t /Zc:forScope /GR- /Fo"obj\Debug\\" /Fd"obj\Debug\vc120.pdb" /Gd /TP /analyze- /errorReport:prompt COpenGLDriver.cpp
         COpenGLDriver.cpp
     1>f:\onedrive - ad\台式机-study\github\irrlichtzero\irrlicht-1.8.4\include\Keycodes.h : warning C4819: 该文件包含不能在当前代码页(936)中表示的字符。请将该文件保存为 Unicode 格式以防止数据丢失
       Link:
         C:\Program Files (x86)\Microsoft Visual Studio 12.0\VC\bin\link.exe /ERRORREPORT:PROMPT /OUT:"..\..\..\IrrlichtZero\Debug\Irrlicht.dll" /VERSION:"1.8" /INCREMENTAL /NOLOGO kernel32.lib user32.lib gdi32.lib winspool.lib comdlg32.lib advapi32.lib shell32.lib ole32.lib oleaut32.lib uuid.lib opengl32.lib kernel32.lib user32.lib gdi32.lib winspool.lib comdlg32.lib advapi32.lib shell32.lib ole32.lib oleaut32.lib uuid.lib odbc32.lib odbccp32.lib /NODEFAULTLIB:libci.lib /MANIFEST /MANIFESTUAC:"level='asInvoker' uiAccess='false'" /manifest:embed /DEBUG /PDB:"..\..\..\IrrlichtZero\Debug\Irrlicht.pdb" /TLBID:1 /DYNAMICBASE /IMPLIB:"..\..\..\IrrlichtZero\Debug\Irrlicht.lib" /MACHINE:X86 /SAFESEH /MACHINE:I386 /DLL obj\Debug\Irrlicht.res
         obj\Debug\CCgMaterialRenderer.obj
         obj\Debug\CD3D9CgMaterialRenderer.obj
         obj\Debug\CDefaultSceneNodeAnimatorFactory.obj
         obj\Debug\CDefaultSceneNodeFactory.obj
         obj\Debug\CGeometryCreator.obj
         obj\Debug\CMeshCache.obj
         obj\Debug\CMeshManipulator.obj
         obj\Debug\COpenGLCgMaterialRenderer.obj
         obj\Debug\CSceneManager.obj
         obj\Debug\C3DSMeshFileLoader.obj
         obj\Debug\CSMFMeshFileLoader.obj
         obj\Debug\CAnimatedMeshHalfLife.obj
         obj\Debug\CAnimatedMeshMD2.obj
         obj\Debug\CAnimatedMeshMD3.obj
         obj\Debug\CB3DMeshFileLoader.obj
         obj\Debug\CBSPMeshFileLoader.obj
         obj\Debug\CColladaFileLoader.obj
         obj\Debug\CCSMLoader.obj
         obj\Debug\CDMFLoader.obj
         obj\Debug\CIrrMeshFileLoader.obj
         obj\Debug\CLMTSMeshFileLoader.obj
         obj\Debug\CLWOMeshFileLoader.obj
         obj\Debug\CMD2MeshFileLoader.obj
         obj\Debug\CMD3MeshFileLoader.obj
         obj\Debug\CMS3DMeshFileLoader.obj
         obj\Debug\CMY3DMeshFileLoader.obj
         obj\Debug\COBJMeshFileLoader.obj
         obj\Debug\COCTLoader.obj
         obj\Debug\COgreMeshFileLoader.obj
         obj\Debug\CPLYMeshFileLoader.obj
         obj\Debug\CQ3LevelMesh.obj
         obj\Debug\CSkinnedMesh.obj
         obj\Debug\CSTLMeshFileLoader.obj
         obj\Debug\CXMeshFileLoader.obj
         obj\Debug\CAnimatedMeshSceneNode.obj
         obj\Debug\CBillboardSceneNode.obj
         obj\Debug\CBoneSceneNode.obj
         obj\Debug\CCameraSceneNode.obj
         obj\Debug\CCubeSceneNode.obj
         obj\Debug\CDummyTransformationSceneNode.obj
         obj\Debug\CEmptySceneNode.obj
         obj\Debug\CLightSceneNode.obj
         obj\Debug\CMeshSceneNode.obj
         obj\Debug\COctreeSceneNode.obj
         obj\Debug\CQuake3ShaderSceneNode.obj
         obj\Debug\CShadowVolumeSceneNode.obj
         obj\Debug\CSkyBoxSceneNode.obj
         obj\Debug\CSkyDomeSceneNode.obj
         obj\Debug\CSphereSceneNode.obj
         obj\Debug\CTerrainSceneNode.obj
         obj\Debug\CTextSceneNode.obj
         obj\Debug\CVolumeLightSceneNode.obj
         obj\Debug\CWaterSurfaceSceneNode.obj
         obj\Debug\CParticleAnimatedMeshSceneNodeEmitter.obj
         obj\Debug\CParticleAttractionAffector.obj
         obj\Debug\CParticleBoxEmitter.obj
         obj\Debug\CParticleCylinderEmitter.obj
         obj\Debug\CParticleFadeOutAffector.obj
         obj\Debug\CParticleGravityAffector.obj
         obj\Debug\CParticleMeshEmitter.obj
         obj\Debug\CParticlePointEmitter.obj
         obj\Debug\CParticleRingEmitter.obj
         obj\Debug\CParticleRotationAffector.obj
         obj\Debug\CParticleScaleAffector.obj
         obj\Debug\CParticleSphereEmitter.obj
         obj\Debug\CParticleSystemSceneNode.obj
         obj\Debug\CMetaTriangleSelector.obj
         obj\Debug\COctreeTriangleSelector.obj
         obj\Debug\CSceneCollisionManager.obj
         obj\Debug\CTerrainTriangleSelector.obj
         obj\Debug\CTriangleBBSelector.obj
         obj\Debug\CTriangleSelector.obj
         obj\Debug\CSceneLoaderIrr.obj
         obj\Debug\CSceneNodeAnimatorCameraFPS.obj
         obj\Debug\CSceneNodeAnimatorCameraMaya.obj
         obj\Debug\CSceneNodeAnimatorCollisionResponse.obj
         obj\Debug\CSceneNodeAnimatorDelete.obj
         obj\Debug\CSceneNodeAnimatorFlyCircle.obj
         obj\Debug\CSceneNodeAnimatorFlyStraight.obj
         obj\Debug\CSceneNodeAnimatorFollowSpline.obj
         obj\Debug\CSceneNodeAnimatorRotation.obj
         obj\Debug\CSceneNodeAnimatorTexture.obj
         obj\Debug\CColladaMeshWriter.obj
         obj\Debug\CIrrMeshWriter.obj
         obj\Debug\COBJMeshWriter.obj
         obj\Debug\CPLYMeshWriter.obj
         obj\Debug\CSTLMeshWriter.obj
         obj\Debug\CVideoModeList.obj
         obj\Debug\CSoftwareDriver.obj
         obj\Debug\CSoftwareTexture.obj
         obj\Debug\CTRFlat.obj
         obj\Debug\CTRFlatWire.obj
         obj\Debug\CTRGouraud.obj
         obj\Debug\CTRGouraudWire.obj
         obj\Debug\CTRTextureFlat.obj
         obj\Debug\CTRTextureFlatWire.obj
         obj\Debug\CTRTextureGouraud.obj
         obj\Debug\CTRTextureGouraudAdd.obj
         obj\Debug\CTRTextureGouraudNoZ.obj
         obj\Debug\CTRTextureGouraudWire.obj
         obj\Debug\CZBuffer.obj
         obj\Debug\COpenGLDriver.obj
         obj\Debug\COpenGLExtensionHandler.obj
         obj\Debug\COpenGLNormalMapRenderer.obj
         obj\Debug\COpenGLParallaxMapRenderer.obj
         obj\Debug\COpenGLShaderMaterialRenderer.obj
         obj\Debug\COpenGLSLMaterialRenderer.obj
         obj\Debug\COpenGLTexture.obj
         obj\Debug\CD3D8Driver.obj
         obj\Debug\CD3D8NormalMapRenderer.obj
         obj\Debug\CD3D8ParallaxMapRenderer.obj
         obj\Debug\CD3D8ShaderMaterialRenderer.obj
         obj\Debug\CD3D8Texture.obj
         obj\Debug\CColorConverter.obj
         obj\Debug\CFPSCounter.obj
         obj\Debug\CImage.obj
         obj\Debug\CNullDriver.obj
         obj\Debug\CImageWriterBMP.obj
         obj\Debug\CImageWriterJPG.obj
         obj\Debug\CImageWriterPCX.obj
         obj\Debug\CImageWriterPNG.obj
         obj\Debug\CImageWriterPPM.obj
         obj\Debug\CImageWriterPSD.obj
         obj\Debug\CImageWriterTGA.obj
         obj\Debug\CImageLoaderBMP.obj
         obj\Debug\CImageLoaderDDS.obj
         obj\Debug\CImageLoaderJPG.obj
         obj\Debug\CImageLoaderPCX.obj
         obj\Debug\CImageLoaderPNG.obj
         obj\Debug\CImageLoaderPPM.obj
         obj\Debug\CImageLoaderPSD.obj
         obj\Debug\CImageLoaderRGB.obj
         obj\Debug\CImageLoaderTGA.obj
         obj\Debug\CImageLoaderWAL.obj
         obj\Debug\CD3D9Driver.obj
         obj\Debug\CD3D9HLSLMaterialRenderer.obj
         obj\Debug\CD3D9NormalMapRenderer.obj
         obj\Debug\CD3D9ParallaxMapRenderer.obj
         obj\Debug\CD3D9ShaderMaterialRenderer.obj
         obj\Debug\CD3D9Texture.obj
         obj\Debug\CBurningShader_Raster_Reference.obj
         obj\Debug\CDepthBuffer.obj
         obj\Debug\CSoftwareDriver2.obj
         obj\Debug\CSoftwareTexture2.obj
         obj\Debug\CTRGouraud2.obj
         obj\Debug\CTRGouraudAlpha2.obj
         obj\Debug\CTRGouraudAlphaNoZ2.obj
         obj\Debug\CTRNormalMap.obj
         obj\Debug\CTRStencilShadow.obj
         obj\Debug\CTRTextureBlend.obj
         obj\Debug\CTRTextureDetailMap2.obj
         obj\Debug\CTRTextureGouraud2.obj
         obj\Debug\CTRTextureGouraudAdd2.obj
         obj\Debug\CTRTextureGouraudAddNoZ2.obj
         obj\Debug\CTRTextureGouraudAlpha.obj
         obj\Debug\CTRTextureGouraudAlphaNoZ.obj
         obj\Debug\CTRTextureGouraudNoZ2.obj
         obj\Debug\CTRTextureGouraudVertexAlpha2.obj
         obj\Debug\CTRTextureLightMap2_Add.obj
         obj\Debug\CTRTextureLightMap2_M1.obj
         obj\Debug\CTRTextureLightMap2_M2.obj
         obj\Debug\CTRTextureLightMap2_M4.obj
         obj\Debug\CTRTextureLightMapGouraud2_M4.obj
         obj\Debug\CTRTextureWire2.obj
         obj\Debug\IBurningShader.obj
         obj\Debug\CLogger.obj
         obj\Debug\COSOperator.obj
         obj\Debug\Irrlicht.obj
         obj\Debug\os.obj
         obj\Debug\LzmaDec.obj
         obj\Debug\adler32.obj
         obj\Debug\compress.obj
         obj\Debug\crc32.obj
         obj\Debug\deflate.obj
         obj\Debug\inffast.obj
         obj\Debug\inflate.obj
         obj\Debug\inftrees.obj
         obj\Debug\trees.obj
         obj\Debug\uncompr.obj
         obj\Debug\zutil.obj
         obj\Debug\jaricom.obj
         obj\Debug\jcapimin.obj
         obj\Debug\jcapistd.obj
         obj\Debug\jcarith.obj
         obj\Debug\jccoefct.obj
         obj\Debug\jccolor.obj
         obj\Debug\jcdctmgr.obj
         obj\Debug\jchuff.obj
         obj\Debug\jcinit.obj
         obj\Debug\jcmainct.obj
         obj\Debug\jcmarker.obj
         obj\Debug\jcmaster.obj
         obj\Debug\jcomapi.obj
         obj\Debug\jcparam.obj
         obj\Debug\jcprepct.obj
         obj\Debug\jcsample.obj
         obj\Debug\jctrans.obj
         obj\Debug\jdapimin.obj
         obj\Debug\jdapistd.obj
         obj\Debug\jdarith.obj
         obj\Debug\jdatadst.obj
         obj\Debug\jdatasrc.obj
         obj\Debug\jdcoefct.obj
         obj\Debug\jdcolor.obj
         obj\Debug\jddctmgr.obj
         obj\Debug\jdhuff.obj
         obj\Debug\jdinput.obj
         obj\Debug\jdmainct.obj
         obj\Debug\jdmarker.obj
         obj\Debug\jdmaster.obj
         obj\Debug\jdmerge.obj
         obj\Debug\jdpostct.obj
         obj\Debug\jdsample.obj
         obj\Debug\jdtrans.obj
         obj\Debug\jerror.obj
         obj\Debug\jfdctflt.obj
         obj\Debug\jfdctfst.obj
         obj\Debug\jfdctint.obj
         obj\Debug\jidctflt.obj
         obj\Debug\jidctfst.obj
         obj\Debug\jidctint.obj
         obj\Debug\jmemmgr.obj
         obj\Debug\jmemnobs.obj
         obj\Debug\jquant1.obj
         obj\Debug\jquant2.obj
         obj\Debug\jutils.obj
         obj\Debug\png.obj
         obj\Debug\pngerror.obj
         obj\Debug\pngget.obj
         obj\Debug\pngmem.obj
         obj\Debug\pngpread.obj
         obj\Debug\pngread.obj
         obj\Debug\pngrio.obj
         obj\Debug\pngrtran.obj
         obj\Debug\pngrutil.obj
         obj\Debug\pngset.obj
         obj\Debug\pngtrans.obj
         obj\Debug\pngwio.obj
         obj\Debug\pngwrite.obj
         obj\Debug\pngwtran.obj
         obj\Debug\pngwutil.obj
         obj\Debug\aescrypt.obj
         obj\Debug\aeskey.obj
         obj\Debug\aestab.obj
         obj\Debug\fileenc.obj
         obj\Debug\hmac.obj
         obj\Debug\prng.obj
         obj\Debug\pwd2key.obj
         obj\Debug\sha1.obj
         obj\Debug\sha2.obj
         obj\Debug\blocksort.obj
         obj\Debug\bzcompress.obj
         obj\Debug\bzlib.obj
         obj\Debug\crctable.obj
         obj\Debug\decompress.obj
         obj\Debug\huffman.obj
         obj\Debug\randtable.obj
         obj\Debug\CIrrDeviceConsole.obj
         obj\Debug\CIrrDeviceFB.obj
         obj\Debug\CIrrDeviceLinux.obj
         obj\Debug\CIrrDeviceSDL.obj
         obj\Debug\CIrrDeviceStub.obj
         obj\Debug\CIrrDeviceWin32.obj
         obj\Debug\CIrrDeviceWinCE.obj
         obj\Debug\CAttributes.obj
         obj\Debug\CFileList.obj
         obj\Debug\CFileSystem.obj
         obj\Debug\CLimitReadFile.obj
         obj\Debug\CMemoryFile.obj
         obj\Debug\CMountPointReader.obj
         obj\Debug\CNPKReader.obj
         obj\Debug\CPakReader.obj
         obj\Debug\CReadFile.obj
         obj\Debug\CTarReader.obj
         obj\Debug\CWADReader.obj
         obj\Debug\CWriteFile.obj
         obj\Debug\CXMLReader.obj
         obj\Debug\CXMLWriter.obj
         obj\Debug\CZipReader.obj
         obj\Debug\irrXML.obj
         obj\Debug\CDefaultGUIElementFactory.obj
         obj\Debug\CGUIButton.obj
         obj\Debug\CGUICheckbox.obj
         obj\Debug\CGUIColorSelectDialog.obj
         obj\Debug\CGUIComboBox.obj
         obj\Debug\CGUIContextMenu.obj
         obj\Debug\CGUIEditBox.obj
         obj\Debug\CGUIEnvironment.obj
         obj\Debug\CGUIFileOpenDialog.obj
         obj\Debug\CGUIFont.obj
         obj\Debug\CGUIImage.obj
         obj\Debug\CGUIImageList.obj
         obj\Debug\CGUIInOutFader.obj
         obj\Debug\CGUIListBox.obj
         obj\Debug\CGUIMenu.obj
         obj\Debug\CGUIMeshViewer.obj
         obj\Debug\CGUIMessageBox.obj
         obj\Debug\CGUIModalScreen.obj
         obj\Debug\CGUIScrollBar.obj
         obj\Debug\CGUISkin.obj
         obj\Debug\CGUISpinBox.obj
         obj\Debug\CGUISpriteBank.obj
         obj\Debug\CGUIStaticText.obj
         obj\Debug\CGUITabControl.obj
         obj\Debug\CGUITable.obj
         obj\Debug\CGUIToolBar.obj
         obj\Debug\CGUITreeView.obj
         obj\Debug\CGUIWindow.obj
         Irrlicht12.0.vcxproj -> F:\OneDrive - AD\台式机-study\Github\IrrlichtZero\irrlicht-1.8.4\source\Irrlicht\..\..\..\IrrlichtZero\Debug\Irrlicht.dll
     1>已完成生成项目“F:\OneDrive - AD\台式机-study\Github\IrrlichtZero\irrlicht-1.8.4\source\Irrlicht\Irrlicht12.0.vcxproj”(Build 个目标)的操作。

生成成功。

已用时间 00:00:01.49
